#
# A fatal error has been detected by the Java Runtime Environment:
#
#  SIGSEGV (0xb) at pc=0x00007f0160f6f40a, pid=30985, tid=31044
#
# JRE version: Java(TM) SE Runtime Environment (12.0.2+10) (build 12.0.2+10)
# Java VM: Java HotSpot(TM) 64-Bit Server VM (12.0.2+10, mixed mode, sharing, tiered, compressed oops, g1 gc, linux-amd64)
# Problematic frame:
# C  [libc.so.6+0x7f40a]  fread+0x1a
#
# Core dump will be written. Default location: Core dumps may be processed with "/usr/share/apport/apport %p %s %c %d %P %E" (or dumping to /home/khan/eclipse-workspace/captcha-reader/core.30985)
#
# If you would like to submit a bug report, please visit:
#   http://bugreport.java.com/bugreport/crash.jsp
# The crash happened outside the Java Virtual Machine in native code.
# See problematic frame for where to report the bug.
#

---------------  S U M M A R Y ------------

Command Line: -agentlib:jdwp=transport=dt_socket,suspend=y,address=localhost:35763 -Dcom.sun.management.jmxremote -Dcom.sun.management.jmxremote.port=33393 -Dcom.sun.management.jmxremote.authenticate=false -Dcom.sun.management.jmxremote.ssl=false -Djava.rmi.server.hostname=localhost -Dspring.jmx.enabled=true -Dspring.application.admin.enabled=true -Djava.library.path=/home/khan/eclipse-workspace/captcha-reader/src/main/resources/sharedlibrary -Xverify:none -XX:TieredStopAtLevel=1 -Dspring.boot.project.name=captcha-reader -Dfile.encoding=UTF-8 com.khan.captchareader.CaptchaReaderApplication

Host: AMD A8-7410 APU with AMD Radeon R5 Graphics, 4 cores, 6G, Ubuntu 18.04.3 LTS
Time: Sat Aug  1 08:18:15 2020 +03 elapsed time: 27 seconds (0d 0h 0m 27s)

---------------  T H R E A D  ---------------

Current thread (0x00007f0158b93800):  JavaThread "http-nio-9090-exec-2" daemon [_thread_in_native, id=31044, stack(0x00007f00c6e23000,0x00007f00c6f24000)]

Stack: [0x00007f00c6e23000,0x00007f00c6f24000],  sp=0x00007f00c6f20170,  free space=1012k
Native frames: (J=compiled Java code, A=aot compiled Java code, j=interpreted, Vv=VM code, C=native code)
C  [libc.so.6+0x7f40a]  fread+0x1a

Java frames: (J=compiled Java code, j=interpreted, Vv=VM code)
j  com.khan.captchareader.rarbgcaptcha.RarBGCaptchaReader.readCaptha(Ljava/lang/String;)Ljava/lang/String;+0
j  com.khan.captchareader.controller.CaptchaController.helloposre(Ljava/util/Map;)Ljava/lang/String;+99
v  ~StubRoutines::call_stub
J 2329  jdk.internal.reflect.NativeMethodAccessorImpl.invoke0(Ljava/lang/reflect/Method;Ljava/lang/Object;[Ljava/lang/Object;)Ljava/lang/Object; java.base@12.0.2 (0 bytes) @ 0x00007f01415ba1c7 [0x00007f01415ba140+0x0000000000000087]
J 2328 c1 jdk.internal.reflect.NativeMethodAccessorImpl.invoke(Ljava/lang/Object;[Ljava/lang/Object;)Ljava/lang/Object; java.base@12.0.2 (104 bytes) @ 0x00007f01415bafb4 [0x00007f01415babc0+0x00000000000003f4]
J 2193 c1 jdk.internal.reflect.DelegatingMethodAccessorImpl.invoke(Ljava/lang/Object;[Ljava/lang/Object;)Ljava/lang/Object; java.base@12.0.2 (10 bytes) @ 0x00007f014157d43c [0x00007f014157d3c0+0x000000000000007c]
J 2204 c1 java.lang.reflect.Method.invoke(Ljava/lang/Object;[Ljava/lang/Object;)Ljava/lang/Object; java.base@12.0.2 (65 bytes) @ 0x00007f0141580aa4 [0x00007f0141580960+0x0000000000000144]
j  org.springframework.web.method.support.InvocableHandlerMethod.doInvoke([Ljava/lang/Object;)Ljava/lang/Object;+16
j  org.springframework.web.method.support.InvocableHandlerMethod.invokeForRequest(Lorg/springframework/web/context/request/NativeWebRequest;Lorg/springframework/web/method/support/ModelAndViewContainer;[Ljava/lang/Object;)Ljava/lang/Object;+56
j  org.springframework.web.servlet.mvc.method.annotation.ServletInvocableHandlerMethod.invokeAndHandle(Lorg/springframework/web/context/request/ServletWebRequest;Lorg/springframework/web/method/support/ModelAndViewContainer;[Ljava/lang/Object;)V+4
j  org.springframework.web.servlet.mvc.method.annotation.RequestMappingHandlerAdapter.invokeHandlerMethod(Ljavax/servlet/http/HttpServletRequest;Ljavax/servlet/http/HttpServletResponse;Lorg/springframework/web/method/HandlerMethod;)Lorg/springframework/web/servlet/ModelAndView;+244
j  org.springframework.web.servlet.mvc.method.annotation.RequestMappingHandlerAdapter.handleInternal(Ljavax/servlet/http/HttpServletRequest;Ljavax/servlet/http/HttpServletResponse;Lorg/springframework/web/method/HandlerMethod;)Lorg/springframework/web/servlet/ModelAndView;+81
j  org.springframework.web.servlet.mvc.method.AbstractHandlerMethodAdapter.handle(Ljavax/servlet/http/HttpServletRequest;Ljavax/servlet/http/HttpServletResponse;Ljava/lang/Object;)Lorg/springframework/web/servlet/ModelAndView;+7
j  org.springframework.web.servlet.DispatcherServlet.doDispatch(Ljavax/servlet/http/HttpServletRequest;Ljavax/servlet/http/HttpServletResponse;)V+257
j  org.springframework.web.servlet.DispatcherServlet.doService(Ljavax/servlet/http/HttpServletRequest;Ljavax/servlet/http/HttpServletResponse;)V+212
j  org.springframework.web.servlet.FrameworkServlet.processRequest(Ljavax/servlet/http/HttpServletRequest;Ljavax/servlet/http/HttpServletResponse;)V+71
j  org.springframework.web.servlet.FrameworkServlet.doPost(Ljavax/servlet/http/HttpServletRequest;Ljavax/servlet/http/HttpServletResponse;)V+3
j  javax.servlet.http.HttpServlet.service(Ljavax/servlet/http/HttpServletRequest;Ljavax/servlet/http/HttpServletResponse;)V+149
j  org.springframework.web.servlet.FrameworkServlet.service(Ljavax/servlet/http/HttpServletRequest;Ljavax/servlet/http/HttpServletResponse;)V+33
j  javax.servlet.http.HttpServlet.service(Ljavax/servlet/ServletRequest;Ljavax/servlet/ServletResponse;)V+36
j  org.apache.catalina.core.ApplicationFilterChain.internalDoFilter(Ljavax/servlet/ServletRequest;Ljavax/servlet/ServletResponse;)V+304
j  org.apache.catalina.core.ApplicationFilterChain.doFilter(Ljavax/servlet/ServletRequest;Ljavax/servlet/ServletResponse;)V+101
j  org.apache.tomcat.websocket.server.WsFilter.doFilter(Ljavax/servlet/ServletRequest;Ljavax/servlet/ServletResponse;Ljavax/servlet/FilterChain;)V+21
j  org.apache.catalina.core.ApplicationFilterChain.internalDoFilter(Ljavax/servlet/ServletRequest;Ljavax/servlet/ServletResponse;)V+135
j  org.apache.catalina.core.ApplicationFilterChain.doFilter(Ljavax/servlet/ServletRequest;Ljavax/servlet/ServletResponse;)V+101
j  org.springframework.web.filter.CorsFilter.doFilterInternal(Ljavax/servlet/http/HttpServletRequest;Ljavax/servlet/http/HttpServletResponse;Ljavax/servlet/FilterChain;)V+43
j  org.springframework.web.filter.OncePerRequestFilter.doFilter(Ljavax/servlet/ServletRequest;Ljavax/servlet/ServletResponse;Ljavax/servlet/FilterChain;)V+147
j  org.apache.catalina.core.ApplicationFilterChain.internalDoFilter(Ljavax/servlet/ServletRequest;Ljavax/servlet/ServletResponse;)V+135
j  org.apache.catalina.core.ApplicationFilterChain.doFilter(Ljavax/servlet/ServletRequest;Ljavax/servlet/ServletResponse;)V+101
j  org.springframework.web.filter.RequestContextFilter.doFilterInternal(Ljavax/servlet/http/HttpServletRequest;Ljavax/servlet/http/HttpServletResponse;Ljavax/servlet/FilterChain;)V+21
j  org.springframework.web.filter.OncePerRequestFilter.doFilter(Ljavax/servlet/ServletRequest;Ljavax/servlet/ServletResponse;Ljavax/servlet/FilterChain;)V+147
j  org.apache.catalina.core.ApplicationFilterChain.internalDoFilter(Ljavax/servlet/ServletRequest;Ljavax/servlet/ServletResponse;)V+135
j  org.apache.catalina.core.ApplicationFilterChain.doFilter(Ljavax/servlet/ServletRequest;Ljavax/servlet/ServletResponse;)V+101
j  org.springframework.web.filter.FormContentFilter.doFilterInternal(Ljavax/servlet/http/HttpServletRequest;Ljavax/servlet/http/HttpServletResponse;Ljavax/servlet/FilterChain;)V+38
j  org.springframework.web.filter.OncePerRequestFilter.doFilter(Ljavax/servlet/ServletRequest;Ljavax/servlet/ServletResponse;Ljavax/servlet/FilterChain;)V+147
j  org.apache.catalina.core.ApplicationFilterChain.internalDoFilter(Ljavax/servlet/ServletRequest;Ljavax/servlet/ServletResponse;)V+135
j  org.apache.catalina.core.ApplicationFilterChain.doFilter(Ljavax/servlet/ServletRequest;Ljavax/servlet/ServletResponse;)V+101
j  org.springframework.web.filter.CharacterEncodingFilter.doFilterInternal(Ljavax/servlet/http/HttpServletRequest;Ljavax/servlet/http/HttpServletResponse;Ljavax/servlet/FilterChain;)V+53
j  org.springframework.web.filter.OncePerRequestFilter.doFilter(Ljavax/servlet/ServletRequest;Ljavax/servlet/ServletResponse;Ljavax/servlet/FilterChain;)V+147
j  org.apache.catalina.core.ApplicationFilterChain.internalDoFilter(Ljavax/servlet/ServletRequest;Ljavax/servlet/ServletResponse;)V+135
j  org.apache.catalina.core.ApplicationFilterChain.doFilter(Ljavax/servlet/ServletRequest;Ljavax/servlet/ServletResponse;)V+101
j  org.apache.catalina.core.StandardWrapperValve.invoke(Lorg/apache/catalina/connector/Request;Lorg/apache/catalina/connector/Response;)V+694
j  org.apache.catalina.core.StandardContextValve.invoke(Lorg/apache/catalina/connector/Request;Lorg/apache/catalina/connector/Response;)V+166
j  org.apache.catalina.authenticator.AuthenticatorBase.invoke(Lorg/apache/catalina/connector/Request;Lorg/apache/catalina/connector/Response;)V+260
j  org.apache.catalina.core.StandardHostValve.invoke(Lorg/apache/catalina/connector/Request;Lorg/apache/catalina/connector/Response;)V+114
j  org.apache.catalina.valves.ErrorReportValve.invoke(Lorg/apache/catalina/connector/Request;Lorg/apache/catalina/connector/Response;)V+6
j  org.apache.catalina.core.StandardEngineValve.invoke(Lorg/apache/catalina/connector/Request;Lorg/apache/catalina/connector/Response;)V+45
j  org.apache.catalina.connector.CoyoteAdapter.service(Lorg/apache/coyote/Request;Lorg/apache/coyote/Response;)V+199
j  org.apache.coyote.http11.Http11Processor.service(Lorg/apache/tomcat/util/net/SocketWrapperBase;)Lorg/apache/tomcat/util/net/AbstractEndpoint$Handler$SocketState;+735
j  org.apache.coyote.AbstractProcessorLight.process(Lorg/apache/tomcat/util/net/SocketWrapperBase;Lorg/apache/tomcat/util/net/SocketEvent;)Lorg/apache/tomcat/util/net/AbstractEndpoint$Handler$SocketState;+170
j  org.apache.coyote.AbstractProtocol$ConnectionHandler.process(Lorg/apache/tomcat/util/net/SocketWrapperBase;Lorg/apache/tomcat/util/net/SocketEvent;)Lorg/apache/tomcat/util/net/AbstractEndpoint$Handler$SocketState;+505
j  org.apache.tomcat.util.net.NioEndpoint$SocketProcessor.doRun()V+214
j  org.apache.tomcat.util.net.SocketProcessorBase.run()V+21
j  java.util.concurrent.ThreadPoolExecutor.runWorker(Ljava/util/concurrent/ThreadPoolExecutor$Worker;)V+92 java.base@12.0.2
j  java.util.concurrent.ThreadPoolExecutor$Worker.run()V+5 java.base@12.0.2
j  org.apache.tomcat.util.threads.TaskThread$WrappingRunnable.run()V+4
j  java.lang.Thread.run()V+11 java.base@12.0.2
v  ~StubRoutines::call_stub

siginfo: si_signo: 11 (SIGSEGV), si_code: 1 (SEGV_MAPERR), si_addr: 0x0000000000000000

Register to memory mapping:

RAX=0x00007f00c78d86d0: <offset 0x00000000000116d0> in /usr/lib/x86_64-linux-gnu/libpng16.so.16 at 0x00007f00c78c7000
RBX=0x0000000000000008 is an unknown value
RCX=0x0 is NULL
RDX=0x0000000000000008 is an unknown value
RSP=0x00007f00c6f20170 is pointing into the stack for thread: 0x00007f0158b93800
RBP=0x0000000000000008 is an unknown value
RSI=0x0000000000000001 is an unknown value
RDI=0x00007f00cc02565c points into unknown readable memory: 00 00 00 00
R8 =0x0000000000000004 is an unknown value
R9 =0x0 is NULL
R10=0x0000000000000008 is an unknown value
R11=0x00007f00c78d7fa0: png_read_png+0x0000000000000000 in /usr/lib/x86_64-linux-gnu/libpng16.so.16 at 0x00007f00c78c7000
R12=0x00007f00cc058030 points into unknown readable memory: 00 00 00 00 00 00 00 00
R13=0x0 is NULL
R14=0x0000000000000008 is an unknown value
R15=0x00007f0158b93800 is a thread


Registers:
RAX=0x00007f00c78d86d0, RBX=0x0000000000000008, RCX=0x0000000000000000, RDX=0x0000000000000008
RSP=0x00007f00c6f20170, RBP=0x0000000000000008, RSI=0x0000000000000001, RDI=0x00007f00cc02565c
R8 =0x0000000000000004, R9 =0x0000000000000000, R10=0x0000000000000008, R11=0x00007f00c78d7fa0
R12=0x00007f00cc058030, R13=0x0000000000000000, R14=0x0000000000000008, R15=0x00007f0158b93800
RIP=0x00007f0160f6f40a, EFLAGS=0x0000000000010202, CSGSFS=0x002b000000000033, ERR=0x0000000000000004
  TRAPNO=0x000000000000000e

Top of Stack: (sp=0x00007f00c6f20170)
0x00007f00c6f20170:   0000000000000000 00007f00cc058030
0x00007f00c6f20180:   0000000000000008 00007f00cc058030
0x00007f00c6f20190:   0000000000000000 00007f00c78d86f5
0x00007f00c6f201a0:   0000000000000000 0000000000000000 

Instructions: (pc=0x00007f0160f6f40a)
0x00007f0160f6f30a:   48 29 d1 48 39 c8 76 7e 4c 89 e2 48 89 ee 48 89
0x00007f0160f6f31a:   df 41 ff 55 38 49 39 c4 be 01 00 00 00 75 60 f7
0x00007f0160f6f32a:   03 00 80 00 00 75 3f 48 8b 93 88 00 00 00 83 6a
0x00007f0160f6f33a:   04 01 75 32 48 c7 42 08 00 00 00 00 83 3d ab 15
0x00007f0160f6f34a:   37 00 00 74 07 f0 ff 0a 75 06 eb 1a ff 0a 74 16
0x00007f0160f6f35a:   48 8d 3a 48 81 ec 80 00 00 00 e8 07 15 0b 00 48
0x00007f0160f6f36a:   81 c4 80 00 00 00 48 83 c4 08 89 f0 5b 5d 41 5c
0x00007f0160f6f37a:   41 5d c3 0f 1f 00 83 f8 ff 0f 84 66 ff ff ff be
0x00007f0160f6f38a:   ff ff ff ff eb 99 e8 2b ae 00 00 e9 78 ff ff ff
0x00007f0160f6f39a:   f7 03 00 80 00 00 48 89 c6 75 3f 48 8b 93 88 00
0x00007f0160f6f3aa:   00 00 83 6a 04 01 75 32 48 c7 42 08 00 00 00 00
0x00007f0160f6f3ba:   83 3d 37 15 37 00 00 74 07 f0 ff 0a 75 06 eb 1a
0x00007f0160f6f3ca:   ff 0a 74 16 48 8d 3a 48 81 ec 80 00 00 00 e8 93
0x00007f0160f6f3da:   14 0b 00 48 81 c4 80 00 00 00 48 89 f7 e8 84 2a
0x00007f0160f6f3ea:   fa ff 0f 1f 40 00 41 55 41 54 55 53 48 89 f3 48
0x00007f0160f6f3fa:   0f af da 48 83 ec 08 48 85 db 0f 84 82 00 00 00
0x00007f0160f6f40a:   8b 01 49 89 f9 49 89 f5 48 89 cd 25 00 80 00 00
0x00007f0160f6f41a:   0f 84 80 00 00 00 49 89 d4 4c 89 ce 48 89 da 48
0x00007f0160f6f42a:   89 ef e8 9f f1 00 00 f7 45 00 00 80 00 00 48 89
0x00007f0160f6f43a:   c2 75 3f 48 8b b5 88 00 00 00 83 6e 04 01 75 32
0x00007f0160f6f44a:   48 c7 46 08 00 00 00 00 83 3d 9f 14 37 00 00 74
0x00007f0160f6f45a:   07 f0 ff 0e 75 06 eb 1a ff 0e 74 16 48 8d 3e 48
0x00007f0160f6f46a:   81 ec 80 00 00 00 e8 fb 13 0b 00 48 81 c4 80 00
0x00007f0160f6f47a:   00 00 48 39 d3 74 7f 48 89 d0 31 d2 49 f7 f5 48
0x00007f0160f6f48a:   89 c3 48 83 c4 08 48 89 d8 5b 5d 41 5c 41 5d c3
0x00007f0160f6f49a:   66 0f 1f 44 00 00 4c 8b 91 88 00 00 00 64 4c 8b
0x00007f0160f6f4aa:   24 25 10 00 00 00 4d 39 62 08 74 3e be 01 00 00
0x00007f0160f6f4ba:   00 83 3d 36 14 37 00 00 74 09 f0 41 0f b1 32 75
0x00007f0160f6f4ca:   08 eb 1c 41 0f b1 32 74 16 49 8d 3a 48 81 ec 80
0x00007f0160f6f4da:   00 00 00 e8 5e 13 0b 00 48 81 c4 80 00 00 00 4c
0x00007f0160f6f4ea:   8b 95 88 00 00 00 4d 89 62 08 41 83 42 04 01 e9
0x00007f0160f6f4fa:   22 ff ff ff 66 90 48 83 c4 08 4c 89 e3 48 89 d8 


Stack slot to memory mapping:
stack at sp + 0 slots: 0x0 is NULL
stack at sp + 1 slots: 0x00007f00cc058030 points into unknown readable memory: 00 00 00 00 00 00 00 00
stack at sp + 2 slots: 0x0000000000000008 is an unknown value
stack at sp + 3 slots: 0x00007f00cc058030 points into unknown readable memory: 00 00 00 00 00 00 00 00
stack at sp + 4 slots: 0x0 is NULL
stack at sp + 5 slots: 0x00007f00c78d86f5: <offset 0x00000000000116f5> in /usr/lib/x86_64-linux-gnu/libpng16.so.16 at 0x00007f00c78c7000
stack at sp + 6 slots: 0x0 is NULL
stack at sp + 7 slots: 0x0 is NULL


---------------  P R O C E S S  ---------------

Threads class SMR info:
_java_thread_list=0x00007f00cc064050, length=35, elements={
0x00007f0158109800, 0x00007f015810b800, 0x00007f0158111800, 0x00007f0158114000,
0x00007f0158116000, 0x00007f015812c000, 0x00007f015816f800, 0x00007f0158173800,
0x00007f0100001800, 0x00007f0158175000, 0x00007f01583ca800, 0x00007f01583d4000,
0x00007f01583e4000, 0x00007f0110001000, 0x00007f00e8002000, 0x00007f00e4012800,
0x00007f00e4066800, 0x00007f0158ab4800, 0x00007f00c8177000, 0x00007f0158ab8000,
0x00007f0158b90000, 0x00007f0158b92000, 0x00007f0158b93800, 0x00007f0158b95000,
0x00007f0158b97000, 0x00007f0158b99000, 0x00007f0158b9b000, 0x00007f0158b9d000,
0x00007f0158b9f000, 0x00007f0158ba1000, 0x00007f0158ba3000, 0x00007f0158baa000,
0x00007f0158bac800, 0x00007f0158014800, 0x00007f00cc062800
}

Java Threads: ( => current thread )
  0x00007f0158109800 JavaThread "Reference Handler" daemon [_thread_blocked, id=30999, stack(0x00007f013d309000,0x00007f013d40a000)]
  0x00007f015810b800 JavaThread "Finalizer" daemon [_thread_blocked, id=31000, stack(0x00007f013d208000,0x00007f013d309000)]
  0x00007f0158111800 JavaThread "Signal Dispatcher" daemon [_thread_blocked, id=31001, stack(0x00007f013ccc7000,0x00007f013cdc8000)]
  0x00007f0158114000 JavaThread "C1 CompilerThread0" daemon [_thread_blocked, id=31002, stack(0x00007f013cbc6000,0x00007f013ccc7000)]
  0x00007f0158116000 JavaThread "Sweeper thread" daemon [_thread_blocked, id=31003, stack(0x00007f013cac5000,0x00007f013cbc6000)]
  0x00007f015812c000 JavaThread "Common-Cleaner" daemon [_thread_blocked, id=31004, stack(0x00007f013c9c4000,0x00007f013cac5000)]
  0x00007f015816f800 JavaThread "JDWP Transport Listener: dt_socket" daemon [_thread_blocked, id=31006, stack(0x00007f013c6bd000,0x00007f013c7be000)]
  0x00007f0158173800 JavaThread "JDWP Event Helper Thread" daemon [_thread_blocked, id=31009, stack(0x00007f013c5bc000,0x00007f013c6bd000)]
  0x00007f0100001800 JavaThread "JDWP Command Reader" daemon [_thread_in_native, id=31010, stack(0x00007f013c4bb000,0x00007f013c5bc000)]
  0x00007f0158175000 JavaThread "Service Thread" daemon [_thread_blocked, id=31013, stack(0x00007f013c3ba000,0x00007f013c4bb000)]
  0x00007f01583ca800 JavaThread "RMI TCP Accept-0" daemon [_thread_in_native, id=31014, stack(0x00007f013c076000,0x00007f013c177000)]
  0x00007f01583d4000 JavaThread "RMI TCP Accept-33393" daemon [_thread_in_native, id=31015, stack(0x00007f012d6d9000,0x00007f012d7da000)]
  0x00007f01583e4000 JavaThread "RMI TCP Accept-0" daemon [_thread_in_native, id=31016, stack(0x00007f012d5d8000,0x00007f012d6d9000)]
  0x00007f0110001000 JavaThread "Attach Listener" daemon [_thread_blocked, id=31018, stack(0x00007f012d3d5000,0x00007f012d4d6000)]
  0x00007f00e8002000 JavaThread "RMI TCP Connection(1)-127.0.0.1" daemon [_thread_in_native, id=31021, stack(0x00007f012d2d4000,0x00007f012d3d5000)]
  0x00007f00e4012800 JavaThread "RMI Scheduler(0)" daemon [_thread_blocked, id=31022, stack(0x00007f012d1d3000,0x00007f012d2d4000)]
  0x00007f00e4066800 JavaThread "JMX server connection timeout 21" daemon [_thread_blocked, id=31025, stack(0x00007f012cece000,0x00007f012cfcf000)]
  0x00007f0158ab4800 JavaThread "Catalina-utility-1" [_thread_blocked, id=31035, stack(0x00007f012cdcd000,0x00007f012cece000)]
  0x00007f00c8177000 JavaThread "Catalina-utility-2" [_thread_blocked, id=31036, stack(0x00007f012c0c8000,0x00007f012c1c9000)]
  0x00007f0158ab8000 JavaThread "container-0" [_thread_blocked, id=31037, stack(0x00007f00c7cff000,0x00007f00c7e00000)]
  0x00007f0158b90000 JavaThread "http-nio-9090-BlockPoller" daemon [_thread_in_native, id=31042, stack(0x00007f00c7025000,0x00007f00c7126000)]
  0x00007f0158b92000 JavaThread "http-nio-9090-exec-1" daemon [_thread_blocked, id=31043, stack(0x00007f00c6f24000,0x00007f00c7025000)]
=>0x00007f0158b93800 JavaThread "http-nio-9090-exec-2" daemon [_thread_in_native, id=31044, stack(0x00007f00c6e23000,0x00007f00c6f24000)]
  0x00007f0158b95000 JavaThread "http-nio-9090-exec-3" daemon [_thread_blocked, id=31045, stack(0x00007f00c6d22000,0x00007f00c6e23000)]
  0x00007f0158b97000 JavaThread "http-nio-9090-exec-4" daemon [_thread_blocked, id=31046, stack(0x00007f00c6c21000,0x00007f00c6d22000)]
  0x00007f0158b99000 JavaThread "http-nio-9090-exec-5" daemon [_thread_blocked, id=31047, stack(0x00007f00c6b20000,0x00007f00c6c21000)]
  0x00007f0158b9b000 JavaThread "http-nio-9090-exec-6" daemon [_thread_blocked, id=31048, stack(0x00007f00c6a1f000,0x00007f00c6b20000)]
  0x00007f0158b9d000 JavaThread "http-nio-9090-exec-7" daemon [_thread_blocked, id=31049, stack(0x00007f00c691e000,0x00007f00c6a1f000)]
  0x00007f0158b9f000 JavaThread "http-nio-9090-exec-8" daemon [_thread_blocked, id=31050, stack(0x00007f00c681d000,0x00007f00c691e000)]
  0x00007f0158ba1000 JavaThread "http-nio-9090-exec-9" daemon [_thread_blocked, id=31051, stack(0x00007f00c671c000,0x00007f00c681d000)]
  0x00007f0158ba3000 JavaThread "http-nio-9090-exec-10" daemon [_thread_blocked, id=31052, stack(0x00007f00c661b000,0x00007f00c671c000)]
  0x00007f0158baa000 JavaThread "http-nio-9090-ClientPoller" daemon [_thread_in_native, id=31053, stack(0x00007f00c651a000,0x00007f00c661b000)]
  0x00007f0158bac800 JavaThread "http-nio-9090-Acceptor" daemon [_thread_in_native, id=31054, stack(0x00007f00c6419000,0x00007f00c651a000)]
  0x00007f0158014800 JavaThread "DestroyJavaVM" [_thread_blocked, id=30991, stack(0x00007f0161c39000,0x00007f0161d3a000)]
  0x00007f00cc062800 JavaThread "Java2D Disposer" daemon [_thread_blocked, id=31067, stack(0x00007f00c5c3e000,0x00007f00c5d3f000)]

Other Threads:
  0x00007f0158106800 VMThread "VM Thread" [stack: 0x00007f013d40c000,0x00007f013d50c000] [id=30998]
  0x00007f01583e7000 WatcherThread [stack: 0x00007f012d4d8000,0x00007f012d5d8000] [id=31017]
  0x00007f015805f000 GCTaskThread "GC Thread#0" [stack: 0x00007f015d099000,0x00007f015d199000] [id=30992]
  0x00007f0124001000 GCTaskThread "GC Thread#1" [stack: 0x00007f012d0d3000,0x00007f012d1d3000] [id=31023]
  0x00007f0124003800 GCTaskThread "GC Thread#2" [stack: 0x00007f012cccd000,0x00007f012cdcd000] [id=31028]
  0x00007f0124005800 GCTaskThread "GC Thread#3" [stack: 0x00007f012cbcb000,0x00007f012cccb000] [id=31029]
  0x00007f015806b800 ConcurrentGCThread "G1 Main Marker" [stack: 0x00007f015cf97000,0x00007f015d097000] [id=30993]
  0x00007f015806d800 ConcurrentGCThread "G1 Conc#0" [stack: 0x00007f015ce95000,0x00007f015cf95000] [id=30995]
  0x00007f01580d7000 ConcurrentGCThread "G1 Refine#0" [stack: 0x00007f015c98f000,0x00007f015ca8f000] [id=30996]
  0x00007f0128001000 ConcurrentGCThread "G1 Refine#1" [stack: 0x00007f012cfd1000,0x00007f012d0d1000] [id=31024]
  0x00007f01580d8800 ConcurrentGCThread "G1 Young RemSet Sampling" [stack: 0x00007f015c88d000,0x00007f015c98d000] [id=30997]

Threads with active compile tasks:

VM state:not at safepoint (normal execution)

VM Mutex/Monitor currently owned by a thread: None

Heap address: 0x0000000094200000, size: 1726 MB, Compressed Oops mode: 32-bit
Narrow klass base: 0x0000000800000000, Narrow klass shift: 3
Compressed class space size: 1073741824 Address: 0x000000080110c000

Heap:
 garbage-first heap   total 40960K, used 18966K [0x0000000094200000, 0x0000000100000000)
  region size 1024K, 12 young (12288K), 3 survivors (3072K)
 Metaspace       used 27260K, capacity 28400K, committed 28544K, reserved 1073152K
  class space    used 3496K, capacity 3928K, committed 3968K, reserved 1048576K
Heap Regions: E=young(eden), S=young(survivor), O=old, HS=humongous(starts), HC=humongous(continues), CS=collection set, F=free, A=archive, TAMS=top-at-mark-start (previous, next)
|   0|0x0000000094200000, 0x0000000094300000, 0x0000000094300000|100%| O|  |TAMS 0x0000000094300000, 0x0000000094200000| Untracked 
|   1|0x0000000094300000, 0x0000000094400000, 0x0000000094400000|100%| O|  |TAMS 0x0000000094400000, 0x0000000094300000| Untracked 
|   2|0x0000000094400000, 0x0000000094500000, 0x0000000094500000|100%| O|  |TAMS 0x0000000094500000, 0x0000000094400000| Untracked 
|   3|0x0000000094500000, 0x00000000945fae00, 0x0000000094600000| 97%| O|  |TAMS 0x00000000945fae00, 0x0000000094500000| Untracked 
|   4|0x0000000094600000, 0x0000000094700000, 0x0000000094700000|100%| O|  |TAMS 0x0000000094600000, 0x0000000094600000| Untracked 
|   5|0x0000000094700000, 0x0000000094800000, 0x0000000094800000|100%| O|  |TAMS 0x0000000094700000, 0x0000000094700000| Untracked 
|   6|0x0000000094800000, 0x0000000094900000, 0x0000000094900000|100%| O|  |TAMS 0x0000000094800000, 0x0000000094800000| Untracked 
|   7|0x0000000094900000, 0x0000000094a00000, 0x0000000094a00000|100%| O|  |TAMS 0x0000000094900000, 0x0000000094900000| Untracked 
|   8|0x0000000094a00000, 0x0000000094a9a800, 0x0000000094b00000| 60%| O|  |TAMS 0x0000000094a00000, 0x0000000094a00000| Untracked 
|   9|0x0000000094b00000, 0x0000000094b00000, 0x0000000094c00000|  0%| F|  |TAMS 0x0000000094b00000, 0x0000000094b00000| Untracked 
|  10|0x0000000094c00000, 0x0000000094c00000, 0x0000000094d00000|  0%| F|  |TAMS 0x0000000094c00000, 0x0000000094c00000| Untracked 
|  11|0x0000000094d00000, 0x0000000094d00000, 0x0000000094e00000|  0%| F|  |TAMS 0x0000000094d00000, 0x0000000094d00000| Untracked 
|  12|0x0000000094e00000, 0x0000000094e00000, 0x0000000094f00000|  0%| F|  |TAMS 0x0000000094e00000, 0x0000000094e00000| Untracked 
|  13|0x0000000094f00000, 0x0000000094f00000, 0x0000000095000000|  0%| F|  |TAMS 0x0000000094f00000, 0x0000000094f00000| Untracked 
|  14|0x0000000095000000, 0x0000000095000000, 0x0000000095100000|  0%| F|  |TAMS 0x0000000095000000, 0x0000000095000000| Untracked 
|  15|0x0000000095100000, 0x0000000095100000, 0x0000000095200000|  0%| F|  |TAMS 0x0000000095100000, 0x0000000095100000| Untracked 
|  16|0x0000000095200000, 0x0000000095200000, 0x0000000095300000|  0%| F|  |TAMS 0x0000000095200000, 0x0000000095200000| Untracked 
|  17|0x0000000095300000, 0x0000000095300000, 0x0000000095400000|  0%| F|  |TAMS 0x0000000095300000, 0x0000000095300000| Untracked 
|  18|0x0000000095400000, 0x0000000095400000, 0x0000000095500000|  0%| F|  |TAMS 0x0000000095400000, 0x0000000095400000| Untracked 
|  19|0x0000000095500000, 0x0000000095500000, 0x0000000095600000|  0%| F|  |TAMS 0x0000000095500000, 0x0000000095500000| Untracked 
|  20|0x0000000095600000, 0x0000000095635430, 0x0000000095700000| 20%| S|CS|TAMS 0x0000000095600000, 0x0000000095600000| Complete 
|  21|0x0000000095700000, 0x0000000095800000, 0x0000000095800000|100%| S|CS|TAMS 0x0000000095700000, 0x0000000095700000| Complete 
|  22|0x0000000095800000, 0x0000000095900000, 0x0000000095900000|100%| S|CS|TAMS 0x0000000095800000, 0x0000000095800000| Complete 
|  23|0x0000000095900000, 0x0000000095900000, 0x0000000095a00000|  0%| F|  |TAMS 0x0000000095900000, 0x0000000095900000| Untracked 
|  24|0x0000000095a00000, 0x0000000095a00000, 0x0000000095b00000|  0%| F|  |TAMS 0x0000000095a00000, 0x0000000095a00000| Untracked 
|  25|0x0000000095b00000, 0x0000000095b00000, 0x0000000095c00000|  0%| F|  |TAMS 0x0000000095b00000, 0x0000000095b00000| Untracked 
|  26|0x0000000095c00000, 0x0000000095c00000, 0x0000000095d00000|  0%| F|  |TAMS 0x0000000095c00000, 0x0000000095c00000| Untracked 
|  27|0x0000000095d00000, 0x0000000095d00000, 0x0000000095e00000|  0%| F|  |TAMS 0x0000000095d00000, 0x0000000095d00000| Untracked 
|  28|0x0000000095e00000, 0x0000000095e00000, 0x0000000095f00000|  0%| F|  |TAMS 0x0000000095e00000, 0x0000000095e00000| Untracked 
|  29|0x0000000095f00000, 0x0000000095fe91b8, 0x0000000096000000| 91%| E|  |TAMS 0x0000000095f00000, 0x0000000095f00000| Complete 
|  30|0x0000000096000000, 0x0000000096100000, 0x0000000096100000|100%| E|CS|TAMS 0x0000000096000000, 0x0000000096000000| Complete 
|  31|0x0000000096100000, 0x0000000096200000, 0x0000000096200000|100%| E|  |TAMS 0x0000000096100000, 0x0000000096100000| Complete 
|  82|0x0000000099400000, 0x0000000099500000, 0x0000000099500000|100%| E|CS|TAMS 0x0000000099400000, 0x0000000099400000| Complete 
|  83|0x0000000099500000, 0x0000000099600000, 0x0000000099600000|100%| E|CS|TAMS 0x0000000099500000, 0x0000000099500000| Complete 
|  84|0x0000000099600000, 0x0000000099700000, 0x0000000099700000|100%| E|CS|TAMS 0x0000000099600000, 0x0000000099600000| Complete 
|  85|0x0000000099700000, 0x0000000099800000, 0x0000000099800000|100%| E|CS|TAMS 0x0000000099700000, 0x0000000099700000| Complete 
|  86|0x0000000099800000, 0x0000000099900000, 0x0000000099900000|100%| E|CS|TAMS 0x0000000099800000, 0x0000000099800000| Complete 
| 129|0x000000009c300000, 0x000000009c400000, 0x000000009c400000|100%| E|CS|TAMS 0x000000009c300000, 0x000000009c300000| Complete 
|1724|0x00000000ffe00000, 0x00000000ffe49000, 0x00000000fff00000| 28%|OA|  |TAMS 0x00000000ffe49000, 0x00000000ffe00000| Untracked 
|1725|0x00000000fff00000, 0x00000000fff72000, 0x0000000100000000| 44%|CA|  |TAMS 0x00000000fff72000, 0x00000000fff00000| Untracked 

Card table byte_map: [0x00007f015d4f8000,0x00007f015d857000] _byte_map_base: 0x00007f015d057000

Marking Bits (Prev, Next): (CMBitMap*) 0x00007f01580606c8, (CMBitMap*) 0x00007f0158060688
 Prev Bits: [0x00007f013d58d000, 0x00007f013f085000)
 Next Bits: [0x00007f013f085000, 0x00007f0140b7d000)

Polling page: 0x00007f0161d56000

Metaspace:

Usage:
  Non-class:     23,90 MB capacity,    23,21 MB ( 97%) used,   590,18 KB (  2%) free+waste,   117,25 KB ( <1%) overhead. 
      Class:      3,84 MB capacity,     3,41 MB ( 89%) used,   373,78 KB ( 10%) free+waste,    58,00 KB (  1%) overhead. 
       Both:     27,73 MB capacity,    26,62 MB ( 96%) used,   963,96 KB (  3%) free+waste,   175,25 KB ( <1%) overhead. 

Virtual space:
  Non-class space:       24,00 MB reserved,      24,00 MB (100%) committed 
      Class space:        1,00 GB reserved,       3,88 MB ( <1%) committed 
             Both:        1,02 GB reserved,      27,88 MB (  3%) committed 

Chunk freelists:
   Non-Class:  8,50 KB
       Class:  3,00 KB
        Both:  11,50 KB

CodeHeap 'non-profiled nmethods': size=238948Kb used=5501Kb max_used=5501Kb free=233446Kb
 bounds [0x00007f0141224000, 0x00007f0141784000, 0x00007f014fb7d000]
CodeHeap 'non-nmethods': size=6812Kb used=1256Kb max_used=1256Kb free=5555Kb
 bounds [0x00007f0140b7d000, 0x00007f0140ded000, 0x00007f0141224000]
 total_blobs=3806 nmethods=3249 adapters=463
 compilation: enabled
              stopped_count=0, restarted_count=0
 full_count=0

Compilation events (10 events):
Event: 26,186 Thread 0x00007f0158114000 3259       1       java.io.ObjectStreamClass::isExternalizable (9 bytes)
Event: 26,187 Thread 0x00007f0158114000 nmethod 3259 0x00007f0141781e90 code [0x00007f0141782060, 0x00007f0141782228]
Event: 26,187 Thread 0x00007f0158114000 3260       1       java.io.ObjectStreamClass::getClassDataLayout (20 bytes)
Event: 26,188 Thread 0x00007f0158114000 nmethod 3260 0x00007f0141782310 code [0x00007f01417824c0, 0x00007f0141782688]
Event: 26,188 Thread 0x00007f0158114000 3261       1       java.util.concurrent.locks.ReentrantReadWriteLock$ReadLock::unlock (10 bytes)
Event: 26,188 Thread 0x00007f0158114000 nmethod 3261 0x00007f0141782710 code [0x00007f01417828e0, 0x00007f0141782a98]
Event: 26,214 Thread 0x00007f0158114000 3262       1       java.security.AccessController::checkContext (49 bytes)
Event: 26,215 Thread 0x00007f0158114000 nmethod 3262 0x00007f0141782b90 code [0x00007f0141782d80, 0x00007f01417830b8]
Event: 26,224 Thread 0x00007f0158114000 3263       1       java.io.ObjectInputStream$BlockDataInputStream::readInt (73 bytes)
Event: 26,225 Thread 0x00007f0158114000 nmethod 3263 0x00007f0141783290 code [0x00007f0141783460, 0x00007f0141783668]

GC Heap History (10 events):
Event: 2,420 GC heap before
{Heap before GC invocations=2 (full 0):
 garbage-first heap   total 112640K, used 25940K [0x0000000094200000, 0x0000000100000000)
  region size 1024K, 22 young (22528K), 1 survivors (1024K)
 Metaspace       used 11814K, capacity 12484K, committed 12800K, reserved 1060864K
  class space    used 1528K, capacity 1774K, committed 1792K, reserved 1048576K
}
Event: 2,434 GC heap after
{Heap after GC invocations=3 (full 0):
 garbage-first heap   total 112640K, used 6448K [0x0000000094200000, 0x0000000100000000)
  region size 1024K, 2 young (2048K), 2 survivors (2048K)
 Metaspace       used 11814K, capacity 12484K, committed 12800K, reserved 1060864K
  class space    used 1528K, capacity 1774K, committed 1792K, reserved 1048576K
}
Event: 3,577 GC heap before
{Heap before GC invocations=3 (full 0):
 garbage-first heap   total 112640K, used 40240K [0x0000000094200000, 0x0000000100000000)
  region size 1024K, 35 young (35840K), 2 survivors (2048K)
 Metaspace       used 16460K, capacity 17275K, committed 17536K, reserved 1064960K
  class space    used 2159K, capacity 2424K, committed 2432K, reserved 1048576K
}
Event: 3,591 GC heap after
{Heap after GC invocations=4 (full 0):
 garbage-first heap   total 112640K, used 8027K [0x0000000094200000, 0x0000000100000000)
  region size 1024K, 4 young (4096K), 4 survivors (4096K)
 Metaspace       used 16460K, capacity 17275K, committed 17536K, reserved 1064960K
  class space    used 2159K, capacity 2424K, committed 2432K, reserved 1048576K
}
Event: 4,378 GC heap before
{Heap before GC invocations=4 (full 0):
 garbage-first heap   total 112640K, used 28507K [0x0000000094200000, 0x0000000100000000)
  region size 1024K, 25 young (25600K), 4 survivors (4096K)
 Metaspace       used 20215K, capacity 21088K, committed 21248K, reserved 1067008K
  class space    used 2656K, capacity 2991K, committed 3072K, reserved 1048576K
}
Event: 4,401 GC heap after
{Heap after GC invocations=5 (full 0):
 garbage-first heap   total 135168K, used 9724K [0x0000000094200000, 0x0000000100000000)
  region size 1024K, 5 young (5120K), 5 survivors (5120K)
 Metaspace       used 20215K, capacity 21088K, committed 21248K, reserved 1067008K
  class space    used 2656K, capacity 2991K, committed 3072K, reserved 1048576K
}
Event: 5,120 GC heap before
{Heap before GC invocations=6 (full 0):
 garbage-first heap   total 40960K, used 29180K [0x0000000094200000, 0x0000000100000000)
  region size 1024K, 24 young (24576K), 5 survivors (5120K)
 Metaspace       used 22658K, capacity 23654K, committed 23936K, reserved 1069056K
  class space    used 2967K, capacity 3329K, committed 3456K, reserved 1048576K
}
Event: 5,140 GC heap after
{Heap after GC invocations=7 (full 0):
 garbage-first heap   total 40960K, used 11414K [0x0000000094200000, 0x0000000100000000)
  region size 1024K, 2 young (2048K), 2 survivors (2048K)
 Metaspace       used 22658K, capacity 23654K, committed 23936K, reserved 1069056K
  class space    used 2967K, capacity 3329K, committed 3456K, reserved 1048576K
}
Event: 23,672 GC heap before
{Heap before GC invocations=7 (full 0):
 garbage-first heap   total 40960K, used 26774K [0x0000000094200000, 0x0000000100000000)
  region size 1024K, 17 young (17408K), 2 survivors (2048K)
 Metaspace       used 23982K, capacity 25020K, committed 25088K, reserved 1071104K
  class space    used 3147K, capacity 3549K, committed 3584K, reserved 1048576K
}
Event: 23,682 GC heap after
{Heap after GC invocations=8 (full 0):
 garbage-first heap   total 40960K, used 11798K [0x0000000094200000, 0x0000000100000000)
  region size 1024K, 3 young (3072K), 3 survivors (3072K)
 Metaspace       used 23982K, capacity 25020K, committed 25088K, reserved 1071104K
  class space    used 3147K, capacity 3549K, committed 3584K, reserved 1048576K
}

Deoptimization events (0 events):
No events

Classes redefined (0 events):
No events

Internal exceptions (10 events):
Event: 26,216 Thread 0x00007f00e8002000 Exception <a 'java/lang/ClassNotFoundException'{0x0000000095f9e5c8}: org/springframework/context/support/LiveBeansView> (0x0000000095f9e5c8) thrown at [/scratch/opt/mach5/mesos/work_dir/slaves/dd0bab7c-a530-4905-bb6b-daa7153eb2c1-S122/frameworks/1735e8a2-
Event: 26,216 Thread 0x00007f00e8002000 Exception <a 'java/lang/ClassNotFoundException'{0x0000000095f9e988}: org/springframework/context/support/LiveBeansView> (0x0000000095f9e988) thrown at [/scratch/opt/mach5/mesos/work_dir/slaves/dd0bab7c-a530-4905-bb6b-daa7153eb2c1-S122/frameworks/1735e8a2-
Event: 26,217 Thread 0x00007f00e8002000 Exception <a 'java/lang/ClassNotFoundException'{0x0000000095f9ed48}: org/springframework/context/support/LiveBeansView> (0x0000000095f9ed48) thrown at [/scratch/opt/mach5/mesos/work_dir/slaves/dd0bab7c-a530-4905-bb6b-daa7153eb2c1-S122/frameworks/1735e8a2-
Event: 26,217 Thread 0x00007f00e8002000 Exception <a 'java/lang/ClassNotFoundException'{0x0000000095f9f0e8}: org/springframework/context/support/LiveBeansView> (0x0000000095f9f0e8) thrown at [/scratch/opt/mach5/mesos/work_dir/slaves/dd0bab7c-a530-4905-bb6b-daa7153eb2c1-S122/frameworks/1735e8a2-
Event: 26,217 Thread 0x00007f00e8002000 Exception <a 'java/lang/ClassNotFoundException'{0x0000000095f9f4a0}: org/springframework/context/support/LiveBeansView> (0x0000000095f9f4a0) thrown at [/scratch/opt/mach5/mesos/work_dir/slaves/dd0bab7c-a530-4905-bb6b-daa7153eb2c1-S122/frameworks/1735e8a2-
Event: 26,217 Thread 0x00007f00e8002000 Exception <a 'java/lang/ClassNotFoundException'{0x0000000095f9f848}: org/springframework/context/support/LiveBeansView> (0x0000000095f9f848) thrown at [/scratch/opt/mach5/mesos/work_dir/slaves/dd0bab7c-a530-4905-bb6b-daa7153eb2c1-S122/frameworks/1735e8a2-
Event: 26,221 Thread 0x00007f00e8002000 Exception <a 'java/lang/ClassNotFoundException'{0x0000000095fd8528}: org/springframework/context/support/LiveBeansView> (0x0000000095fd8528) thrown at [/scratch/opt/mach5/mesos/work_dir/slaves/dd0bab7c-a530-4905-bb6b-daa7153eb2c1-S122/frameworks/1735e8a2-
Event: 26,221 Thread 0x00007f00e8002000 Exception <a 'java/lang/ClassNotFoundException'{0x0000000095fd88f0}: org/springframework/context/support/LiveBeansView> (0x0000000095fd88f0) thrown at [/scratch/opt/mach5/mesos/work_dir/slaves/dd0bab7c-a530-4905-bb6b-daa7153eb2c1-S122/frameworks/1735e8a2-
Event: 26,222 Thread 0x00007f00e8002000 Exception <a 'java/lang/ClassNotFoundException'{0x0000000095fd8ca0}: org/springframework/context/support/LiveBeansView> (0x0000000095fd8ca0) thrown at [/scratch/opt/mach5/mesos/work_dir/slaves/dd0bab7c-a530-4905-bb6b-daa7153eb2c1-S122/frameworks/1735e8a2-
Event: 26,222 Thread 0x00007f00e8002000 Exception <a 'java/lang/ClassNotFoundException'{0x0000000095fd9050}: org/springframework/context/support/LiveBeansView> (0x0000000095fd9050) thrown at [/scratch/opt/mach5/mesos/work_dir/slaves/dd0bab7c-a530-4905-bb6b-daa7153eb2c1-S122/frameworks/1735e8a2-

Events (10 events):
Event: 27,563 Executing VM operation: GetFrameLocation
Event: 27,563 Executing VM operation: GetFrameLocation done
Event: 27,564 Executing VM operation: GetCurrentContendedMonitor
Event: 27,565 Executing VM operation: GetCurrentContendedMonitor done
Event: 27,565 Executing VM operation: ChangeSingleStep
Event: 27,565 Executing VM operation: ChangeSingleStep done
Event: 27,566 Executing VM operation: GetObjectMonitorUsage
Event: 27,566 Executing VM operation: GetObjectMonitorUsage done
Event: 27,566 Executing VM operation: GetObjectMonitorUsage
Event: 27,567 Executing VM operation: GetObjectMonitorUsage done


Dynamic libraries:
00400000-00401000 r-xp 00000000 08:08 806498                             /usr/lib/java/jdk-12.0.2/bin/java
00600000-00601000 r--p 00000000 08:08 806498                             /usr/lib/java/jdk-12.0.2/bin/java
00601000-00602000 rw-p 00001000 08:08 806498                             /usr/lib/java/jdk-12.0.2/bin/java
02140000-02161000 rw-p 00000000 00:00 0                                  [heap]
94200000-96200000 rw-p 00000000 00:00 0 
96200000-99400000 ---p 00000000 00:00 0 
99400000-99900000 rw-p 00000000 00:00 0 
99900000-9c300000 ---p 00000000 00:00 0 
9c300000-9c400000 rw-p 00000000 00:00 0 
9c400000-ffe00000 ---p 00000000 00:00 0 
ffe00000-ffe49000 rw-p 0117f000 08:08 1448568                            /usr/lib/java/jdk-12.0.2/lib/server/classes.jsa
ffe49000-fff00000 rw-p 00000000 00:00 0 
fff00000-fff72000 rw-p 0110d000 08:08 1448568                            /usr/lib/java/jdk-12.0.2/lib/server/classes.jsa
fff72000-100000000 rw-p 00000000 00:00 0 
800000000-800003000 rwxp 00001000 08:08 1448568                          /usr/lib/java/jdk-12.0.2/lib/server/classes.jsa
800003000-80110c000 rw-p 00004000 08:08 1448568                          /usr/lib/java/jdk-12.0.2/lib/server/classes.jsa
80110c000-8014ec000 rw-p 00000000 00:00 0 
8014ec000-84110c000 ---p 00000000 00:00 0 
7f00bc000000-7f00bc021000 rw-p 00000000 00:00 0 
7f00bc021000-7f00c0000000 ---p 00000000 00:00 0 
7f00c0000000-7f00c006a000 rw-p 00000000 00:00 0 
7f00c006a000-7f00c4000000 ---p 00000000 00:00 0 
7f00c5c3e000-7f00c5c42000 ---p 00000000 00:00 0 
7f00c5c42000-7f00c5d3f000 rw-p 00000000 00:00 0 
7f00c5d3f000-7f00c5d47000 r-xp 00000000 08:08 1315600                    /usr/lib/java/jdk-12.0.2/lib/libawt_headless.so
7f00c5d47000-7f00c5f46000 ---p 00008000 08:08 1315600                    /usr/lib/java/jdk-12.0.2/lib/libawt_headless.so
7f00c5f46000-7f00c5f47000 r--p 00007000 08:08 1315600                    /usr/lib/java/jdk-12.0.2/lib/libawt_headless.so
7f00c5f47000-7f00c5f48000 rw-p 00008000 08:08 1315600                    /usr/lib/java/jdk-12.0.2/lib/libawt_headless.so
7f00c5f48000-7f00c5fe8000 r-xp 00000000 08:08 1315599                    /usr/lib/java/jdk-12.0.2/lib/libawt.so
7f00c5fe8000-7f00c61e8000 ---p 000a0000 08:08 1315599                    /usr/lib/java/jdk-12.0.2/lib/libawt.so
7f00c61e8000-7f00c61e9000 r--p 000a0000 08:08 1315599                    /usr/lib/java/jdk-12.0.2/lib/libawt.so
7f00c61e9000-7f00c61f4000 rw-p 000a1000 08:08 1315599                    /usr/lib/java/jdk-12.0.2/lib/libawt.so
7f00c61f4000-7f00c6419000 rw-p 00000000 00:00 0 
7f00c6419000-7f00c641d000 ---p 00000000 00:00 0 
7f00c641d000-7f00c651a000 rw-p 00000000 00:00 0 
7f00c651a000-7f00c651e000 ---p 00000000 00:00 0 
7f00c651e000-7f00c661b000 rw-p 00000000 00:00 0 
7f00c661b000-7f00c661f000 ---p 00000000 00:00 0 
7f00c661f000-7f00c671c000 rw-p 00000000 00:00 0 
7f00c671c000-7f00c6720000 ---p 00000000 00:00 0 
7f00c6720000-7f00c681d000 rw-p 00000000 00:00 0 
7f00c681d000-7f00c6821000 ---p 00000000 00:00 0 
7f00c6821000-7f00c691e000 rw-p 00000000 00:00 0 
7f00c691e000-7f00c6922000 ---p 00000000 00:00 0 
7f00c6922000-7f00c6a1f000 rw-p 00000000 00:00 0 
7f00c6a1f000-7f00c6a23000 ---p 00000000 00:00 0 
7f00c6a23000-7f00c6b20000 rw-p 00000000 00:00 0 
7f00c6b20000-7f00c6b24000 ---p 00000000 00:00 0 
7f00c6b24000-7f00c6c21000 rw-p 00000000 00:00 0 
7f00c6c21000-7f00c6c25000 ---p 00000000 00:00 0 
7f00c6c25000-7f00c6d22000 rw-p 00000000 00:00 0 
7f00c6d22000-7f00c6d26000 ---p 00000000 00:00 0 
7f00c6d26000-7f00c6e23000 rw-p 00000000 00:00 0 
7f00c6e23000-7f00c6e27000 ---p 00000000 00:00 0 
7f00c6e27000-7f00c6f24000 rw-p 00000000 00:00 0 
7f00c6f24000-7f00c6f28000 ---p 00000000 00:00 0 
7f00c6f28000-7f00c7025000 rw-p 00000000 00:00 0 
7f00c7025000-7f00c7029000 ---p 00000000 00:00 0 
7f00c7029000-7f00c7326000 rw-p 00000000 00:00 0 
7f00c7326000-7f00c733d000 r-xp 00000000 08:08 393490                     /lib/x86_64-linux-gnu/libgcc_s.so.1
7f00c733d000-7f00c753c000 ---p 00017000 08:08 393490                     /lib/x86_64-linux-gnu/libgcc_s.so.1
7f00c753c000-7f00c753d000 r--p 00016000 08:08 393490                     /lib/x86_64-linux-gnu/libgcc_s.so.1
7f00c753d000-7f00c753e000 rw-p 00017000 08:08 393490                     /lib/x86_64-linux-gnu/libgcc_s.so.1
7f00c753e000-7f00c76b7000 r-xp 00000000 08:08 2491246                    /usr/lib/x86_64-linux-gnu/libstdc++.so.6.0.25
7f00c76b7000-7f00c78b7000 ---p 00179000 08:08 2491246                    /usr/lib/x86_64-linux-gnu/libstdc++.so.6.0.25
7f00c78b7000-7f00c78c1000 r--p 00179000 08:08 2491246                    /usr/lib/x86_64-linux-gnu/libstdc++.so.6.0.25
7f00c78c1000-7f00c78c3000 rw-p 00183000 08:08 2491246                    /usr/lib/x86_64-linux-gnu/libstdc++.so.6.0.25
7f00c78c3000-7f00c78c7000 rw-p 00000000 00:00 0 
7f00c78c7000-7f00c78f8000 r-xp 00000000 08:08 2500091                    /usr/lib/x86_64-linux-gnu/libpng16.so.16.34.0
7f00c78f8000-7f00c7af7000 ---p 00031000 08:08 2500091                    /usr/lib/x86_64-linux-gnu/libpng16.so.16.34.0
7f00c7af7000-7f00c7af8000 r--p 00030000 08:08 2500091                    /usr/lib/x86_64-linux-gnu/libpng16.so.16.34.0
7f00c7af8000-7f00c7af9000 rw-p 00031000 08:08 2500091                    /usr/lib/x86_64-linux-gnu/libpng16.so.16.34.0
7f00c7af9000-7f00c7afe000 r-xp 00000000 08:08 1051496                    /home/khan/eclipse-workspace/captcha-reader/src/main/resources/sharedlibrary/librarbgcaptcha.so
7f00c7afe000-7f00c7cfd000 ---p 00005000 08:08 1051496                    /home/khan/eclipse-workspace/captcha-reader/src/main/resources/sharedlibrary/librarbgcaptcha.so
7f00c7cfd000-7f00c7cfe000 r--p 00004000 08:08 1051496                    /home/khan/eclipse-workspace/captcha-reader/src/main/resources/sharedlibrary/librarbgcaptcha.so
7f00c7cfe000-7f00c7cff000 rw-p 00005000 08:08 1051496                    /home/khan/eclipse-workspace/captcha-reader/src/main/resources/sharedlibrary/librarbgcaptcha.so
7f00c7cff000-7f00c7d03000 ---p 00000000 00:00 0 
7f00c7d03000-7f00c8000000 rw-p 00000000 00:00 0 
7f00c8000000-7f00c8181000 rw-p 00000000 00:00 0 
7f00c8181000-7f00cc000000 ---p 00000000 00:00 0 
7f00cc000000-7f00cc0bc000 rw-p 00000000 00:00 0 
7f00cc0bc000-7f00d0000000 ---p 00000000 00:00 0 
7f00d0000000-7f00d0021000 rw-p 00000000 00:00 0 
7f00d0021000-7f00d4000000 ---p 00000000 00:00 0 
7f00d4000000-7f00d4021000 rw-p 00000000 00:00 0 
7f00d4021000-7f00d8000000 ---p 00000000 00:00 0 
7f00d8000000-7f00d8021000 rw-p 00000000 00:00 0 
7f00d8021000-7f00dc000000 ---p 00000000 00:00 0 
7f00dc000000-7f00dc021000 rw-p 00000000 00:00 0 
7f00dc021000-7f00e0000000 ---p 00000000 00:00 0 
7f00e0000000-7f00e002f000 rw-p 00000000 00:00 0 
7f00e002f000-7f00e4000000 ---p 00000000 00:00 0 
7f00e4000000-7f00e40a1000 rw-p 00000000 00:00 0 
7f00e40a1000-7f00e8000000 ---p 00000000 00:00 0 
7f00e8000000-7f00e8021000 rw-p 00000000 00:00 0 
7f00e8021000-7f00ec000000 ---p 00000000 00:00 0 
7f00ec000000-7f00ec021000 rw-p 00000000 00:00 0 
7f00ec021000-7f00f0000000 ---p 00000000 00:00 0 
7f00f0000000-7f00f0021000 rw-p 00000000 00:00 0 
7f00f0021000-7f00f4000000 ---p 00000000 00:00 0 
7f00f4000000-7f00f4021000 rw-p 00000000 00:00 0 
7f00f4021000-7f00f8000000 ---p 00000000 00:00 0 
7f00f8000000-7f00f8021000 rw-p 00000000 00:00 0 
7f00f8021000-7f00fc000000 ---p 00000000 00:00 0 
7f00fc000000-7f00fc021000 rw-p 00000000 00:00 0 
7f00fc021000-7f0100000000 ---p 00000000 00:00 0 
7f0100000000-7f0100021000 rw-p 00000000 00:00 0 
7f0100021000-7f0104000000 ---p 00000000 00:00 0 
7f0104000000-7f0104021000 rw-p 00000000 00:00 0 
7f0104021000-7f0108000000 ---p 00000000 00:00 0 
7f0108000000-7f0108021000 rw-p 00000000 00:00 0 
7f0108021000-7f010c000000 ---p 00000000 00:00 0 
7f010c000000-7f010c021000 rw-p 00000000 00:00 0 
7f010c021000-7f0110000000 ---p 00000000 00:00 0 
7f0110000000-7f0110021000 rw-p 00000000 00:00 0 
7f0110021000-7f0114000000 ---p 00000000 00:00 0 
7f0114000000-7f0114327000 rw-p 00000000 00:00 0 
7f0114327000-7f0118000000 ---p 00000000 00:00 0 
7f0118000000-7f0118021000 rw-p 00000000 00:00 0 
7f0118021000-7f011c000000 ---p 00000000 00:00 0 
7f011c000000-7f011c021000 rw-p 00000000 00:00 0 
7f011c021000-7f0120000000 ---p 00000000 00:00 0 
7f0120000000-7f0120021000 rw-p 00000000 00:00 0 
7f0120021000-7f0124000000 ---p 00000000 00:00 0 
7f0124000000-7f012404a000 rw-p 00000000 00:00 0 
7f012404a000-7f0128000000 ---p 00000000 00:00 0 
7f0128000000-7f0128021000 rw-p 00000000 00:00 0 
7f0128021000-7f012c000000 ---p 00000000 00:00 0 
7f012c0c8000-7f012c0cc000 ---p 00000000 00:00 0 
7f012c0cc000-7f012c3c9000 rw-p 00000000 00:00 0 
7f012c3c9000-7f012c5c9000 rw-p 00000000 00:00 0 
7f012c5c9000-7f012c7c9000 rw-p 00000000 00:00 0 
7f012c7c9000-7f012c9c9000 rw-p 00000000 00:00 0 
7f012c9c9000-7f012cbc9000 rw-p 00000000 00:00 0 
7f012cbc9000-7f012cbca000 ---p 00000000 00:00 0 
7f012cbca000-7f012cccb000 rw-p 00000000 00:00 0 
7f012cccb000-7f012cccc000 ---p 00000000 00:00 0 
7f012cccc000-7f012cdcd000 rw-p 00000000 00:00 0 
7f012cdcd000-7f012cdd1000 ---p 00000000 00:00 0 
7f012cdd1000-7f012cece000 rw-p 00000000 00:00 0 
7f012cece000-7f012ced2000 ---p 00000000 00:00 0 
7f012ced2000-7f012cfcf000 rw-p 00000000 00:00 0 
7f012cfcf000-7f012cfd0000 ---p 00000000 00:00 0 
7f012cfd0000-7f012d0d1000 rw-p 00000000 00:00 0 
7f012d0d1000-7f012d0d2000 ---p 00000000 00:00 0 
7f012d0d2000-7f012d1d3000 rw-p 00000000 00:00 0 
7f012d1d3000-7f012d1d7000 ---p 00000000 00:00 0 
7f012d1d7000-7f012d2d4000 rw-p 00000000 00:00 0 
7f012d2d4000-7f012d2d8000 ---p 00000000 00:00 0 
7f012d2d8000-7f012d3d5000 rw-p 00000000 00:00 0 
7f012d3d5000-7f012d3d9000 ---p 00000000 00:00 0 
7f012d3d9000-7f012d4d6000 rw-p 00000000 00:00 0 
7f012d4d6000-7f012d4d7000 ---p 00000000 00:00 0 
7f012d4d7000-7f012d5d8000 rw-p 00000000 00:00 0 
7f012d5d8000-7f012d5dc000 ---p 00000000 00:00 0 
7f012d5dc000-7f012d6d9000 rw-p 00000000 00:00 0 
7f012d6d9000-7f012d6dd000 ---p 00000000 00:00 0 
7f012d6dd000-7f012d7da000 rw-p 00000000 00:00 0 
7f012d7da000-7f012d7dc000 r-xp 00000000 08:08 1315603                    /usr/lib/java/jdk-12.0.2/lib/libextnet.so
7f012d7dc000-7f012d9db000 ---p 00002000 08:08 1315603                    /usr/lib/java/jdk-12.0.2/lib/libextnet.so
7f012d9db000-7f012d9dc000 r--p 00001000 08:08 1315603                    /usr/lib/java/jdk-12.0.2/lib/libextnet.so
7f012d9dc000-7f012d9dd000 rw-p 00002000 08:08 1315603                    /usr/lib/java/jdk-12.0.2/lib/libextnet.so
7f012d9dd000-7f012d9e2000 r-xp 00000000 08:08 1315621                    /usr/lib/java/jdk-12.0.2/lib/libmanagement_ext.so
7f012d9e2000-7f012dbe1000 ---p 00005000 08:08 1315621                    /usr/lib/java/jdk-12.0.2/lib/libmanagement_ext.so
7f012dbe1000-7f012dbe2000 r--p 00004000 08:08 1315621                    /usr/lib/java/jdk-12.0.2/lib/libmanagement_ext.so
7f012dbe2000-7f012dbe3000 rw-p 00005000 08:08 1315621                    /usr/lib/java/jdk-12.0.2/lib/libmanagement_ext.so
7f012dbe3000-7f012dbe7000 r-xp 00000000 08:08 1315619                    /usr/lib/java/jdk-12.0.2/lib/libmanagement.so
7f012dbe7000-7f012dde6000 ---p 00004000 08:08 1315619                    /usr/lib/java/jdk-12.0.2/lib/libmanagement.so
7f012dde6000-7f012dde7000 r--p 00003000 08:08 1315619                    /usr/lib/java/jdk-12.0.2/lib/libmanagement.so
7f012dde7000-7f012dde8000 rw-p 00004000 08:08 1315619                    /usr/lib/java/jdk-12.0.2/lib/libmanagement.so
7f012dde8000-7f012ddfe000 r-xp 00000000 08:08 1315623                    /usr/lib/java/jdk-12.0.2/lib/libnet.so
7f012ddfe000-7f012dffe000 ---p 00016000 08:08 1315623                    /usr/lib/java/jdk-12.0.2/lib/libnet.so
7f012dffe000-7f012dfff000 r--p 00016000 08:08 1315623                    /usr/lib/java/jdk-12.0.2/lib/libnet.so
7f012dfff000-7f012e000000 rw-p 00017000 08:08 1315623                    /usr/lib/java/jdk-12.0.2/lib/libnet.so
7f012e000000-7f0130000000 rw-p 00000000 00:00 0 
7f0130000000-7f0130021000 rw-p 00000000 00:00 0 
7f0130021000-7f0134000000 ---p 00000000 00:00 0 
7f0134000000-7f0134021000 rw-p 00000000 00:00 0 
7f0134021000-7f0138000000 ---p 00000000 00:00 0 
7f0138000000-7f0138021000 rw-p 00000000 00:00 0 
7f0138021000-7f013c000000 ---p 00000000 00:00 0 
7f013c076000-7f013c07a000 ---p 00000000 00:00 0 
7f013c07a000-7f013c1a8000 rw-p 00000000 00:00 0 
7f013c1a8000-7f013c1b9000 r-xp 00000000 08:08 1315624                    /usr/lib/java/jdk-12.0.2/lib/libnio.so
7f013c1b9000-7f013c3b8000 ---p 00011000 08:08 1315624                    /usr/lib/java/jdk-12.0.2/lib/libnio.so
7f013c3b8000-7f013c3b9000 r--p 00010000 08:08 1315624                    /usr/lib/java/jdk-12.0.2/lib/libnio.so
7f013c3b9000-7f013c3ba000 rw-p 00011000 08:08 1315624                    /usr/lib/java/jdk-12.0.2/lib/libnio.so
7f013c3ba000-7f013c3be000 ---p 00000000 00:00 0 
7f013c3be000-7f013c4bb000 rw-p 00000000 00:00 0 
7f013c4bb000-7f013c4bf000 ---p 00000000 00:00 0 
7f013c4bf000-7f013c5bc000 rw-p 00000000 00:00 0 
7f013c5bc000-7f013c5c0000 ---p 00000000 00:00 0 
7f013c5c0000-7f013c6bd000 rw-p 00000000 00:00 0 
7f013c6bd000-7f013c6c1000 ---p 00000000 00:00 0 
7f013c6c1000-7f013c7be000 rw-p 00000000 00:00 0 
7f013c7be000-7f013c7c2000 r-xp 00000000 08:08 1315602                    /usr/lib/java/jdk-12.0.2/lib/libdt_socket.so
7f013c7c2000-7f013c9c2000 ---p 00004000 08:08 1315602                    /usr/lib/java/jdk-12.0.2/lib/libdt_socket.so
7f013c9c2000-7f013c9c3000 r--p 00004000 08:08 1315602                    /usr/lib/java/jdk-12.0.2/lib/libdt_socket.so
7f013c9c3000-7f013c9c4000 rw-p 00005000 08:08 1315602                    /usr/lib/java/jdk-12.0.2/lib/libdt_socket.so
7f013c9c4000-7f013c9c8000 ---p 00000000 00:00 0 
7f013c9c8000-7f013cac5000 rw-p 00000000 00:00 0 
7f013cac5000-7f013cac9000 ---p 00000000 00:00 0 
7f013cac9000-7f013cbc6000 rw-p 00000000 00:00 0 
7f013cbc6000-7f013cbca000 ---p 00000000 00:00 0 
7f013cbca000-7f013ccc7000 rw-p 00000000 00:00 0 
7f013ccc7000-7f013cccb000 ---p 00000000 00:00 0 
7f013cccb000-7f013cdc8000 rw-p 00000000 00:00 0 
7f013cdc8000-7f013d208000 r--p 00000000 08:08 2494116                    /usr/lib/locale/locale-archive
7f013d208000-7f013d20c000 ---p 00000000 00:00 0 
7f013d20c000-7f013d309000 rw-p 00000000 00:00 0 
7f013d309000-7f013d30d000 ---p 00000000 00:00 0 
7f013d30d000-7f013d40a000 rw-p 00000000 00:00 0 
7f013d40a000-7f013d40b000 ---p 00000000 00:00 0 
7f013d40b000-7f013d60d000 rw-p 00000000 00:00 0 
7f013d60d000-7f013d6d5000 ---p 00000000 00:00 0 
7f013d6d5000-7f013d6e9000 rw-p 00000000 00:00 0 
7f013d6e9000-7f013d791000 ---p 00000000 00:00 0 
7f013d791000-7f013d795000 rw-p 00000000 00:00 0 
7f013d795000-7f013f07d000 ---p 00000000 00:00 0 
7f013f07d000-7f013f105000 rw-p 00000000 00:00 0 
7f013f105000-7f013f1cd000 ---p 00000000 00:00 0 
7f013f1cd000-7f013f1e1000 rw-p 00000000 00:00 0 
7f013f1e1000-7f013f289000 ---p 00000000 00:00 0 
7f013f289000-7f013f28d000 rw-p 00000000 00:00 0 
7f013f28d000-7f0140b75000 ---p 00000000 00:00 0 
7f0140b75000-7f0140b7d000 rw-p 00000000 00:00 0 
7f0140b7d000-7f0140ded000 rwxp 00000000 00:00 0 
7f0140ded000-7f0141224000 ---p 00000000 00:00 0 
7f0141224000-7f0141784000 rwxp 00000000 00:00 0 
7f0141784000-7f014fb7d000 ---p 00000000 00:00 0 
7f014fb7d000-7f0158000000 r--s 00000000 08:08 1315634                    /usr/lib/java/jdk-12.0.2/lib/modules
7f0158000000-7f0158bb9000 rw-p 00000000 00:00 0 
7f0158bb9000-7f015c000000 ---p 00000000 00:00 0 
7f015c030000-7f015c88b000 rw-p 00000000 00:00 0 
7f015c88b000-7f015c88c000 ---p 00000000 00:00 0 
7f015c88c000-7f015c98d000 rw-p 00000000 00:00 0 
7f015c98d000-7f015c98e000 ---p 00000000 00:00 0 
7f015c98e000-7f015ce93000 rw-p 00000000 00:00 0 
7f015ce93000-7f015ce94000 ---p 00000000 00:00 0 
7f015ce94000-7f015cf95000 rw-p 00000000 00:00 0 
7f015cf95000-7f015cf96000 ---p 00000000 00:00 0 
7f015cf96000-7f015d097000 rw-p 00000000 00:00 0 
7f015d097000-7f015d098000 ---p 00000000 00:00 0 
7f015d098000-7f015d1a9000 rw-p 00000000 00:00 0 
7f015d1a9000-7f015d1c2000 ---p 00000000 00:00 0 
7f015d1c2000-7f015d1c5000 rw-p 00000000 00:00 0 
7f015d1c5000-7f015d1d9000 ---p 00000000 00:00 0 
7f015d1d9000-7f015d1da000 rw-p 00000000 00:00 0 
7f015d1da000-7f015d4f7000 ---p 00000000 00:00 0 
7f015d4f7000-7f015d508000 rw-p 00000000 00:00 0 
7f015d508000-7f015d521000 ---p 00000000 00:00 0 
7f015d521000-7f015d524000 rw-p 00000000 00:00 0 
7f015d524000-7f015d538000 ---p 00000000 00:00 0 
7f015d538000-7f015d539000 rw-p 00000000 00:00 0 
7f015d539000-7f015d856000 ---p 00000000 00:00 0 
7f015d856000-7f015d867000 rw-p 00000000 00:00 0 
7f015d867000-7f015d880000 ---p 00000000 00:00 0 
7f015d880000-7f015d883000 rw-p 00000000 00:00 0 
7f015d883000-7f015d897000 ---p 00000000 00:00 0 
7f015d897000-7f015d898000 rw-p 00000000 00:00 0 
7f015d898000-7f015dbb5000 ---p 00000000 00:00 0 
7f015dbb5000-7f015dfc5000 rw-p 00000000 00:00 0 
7f015dfc5000-7f015e18d000 ---p 00000000 00:00 0 
7f015e18d000-7f015e1a8000 r-xp 00000000 08:08 1315614                    /usr/lib/java/jdk-12.0.2/lib/libjimage.so
7f015e1a8000-7f015e3a7000 ---p 0001b000 08:08 1315614                    /usr/lib/java/jdk-12.0.2/lib/libjimage.so
7f015e3a7000-7f015e3a9000 r--p 0001a000 08:08 1315614                    /usr/lib/java/jdk-12.0.2/lib/libjimage.so
7f015e3a9000-7f015e3aa000 rw-p 0001c000 08:08 1315614                    /usr/lib/java/jdk-12.0.2/lib/libjimage.so
7f015e3aa000-7f015e3b1000 r-xp 00000000 08:08 1315633                    /usr/lib/java/jdk-12.0.2/lib/libzip.so
7f015e3b1000-7f015e5b0000 ---p 00007000 08:08 1315633                    /usr/lib/java/jdk-12.0.2/lib/libzip.so
7f015e5b0000-7f015e5b1000 r--p 00006000 08:08 1315633                    /usr/lib/java/jdk-12.0.2/lib/libzip.so
7f015e5b1000-7f015e5b2000 rw-p 00007000 08:08 1315633                    /usr/lib/java/jdk-12.0.2/lib/libzip.so
7f015e5b2000-7f015e5bd000 r-xp 00000000 08:08 394072                     /lib/x86_64-linux-gnu/libnss_files-2.27.so
7f015e5bd000-7f015e7bc000 ---p 0000b000 08:08 394072                     /lib/x86_64-linux-gnu/libnss_files-2.27.so
7f015e7bc000-7f015e7bd000 r--p 0000a000 08:08 394072                     /lib/x86_64-linux-gnu/libnss_files-2.27.so
7f015e7bd000-7f015e7be000 rw-p 0000b000 08:08 394072                     /lib/x86_64-linux-gnu/libnss_files-2.27.so
7f015e7be000-7f015e7c4000 rw-p 00000000 00:00 0 
7f015e7c4000-7f015e7db000 r-xp 00000000 08:08 394065                     /lib/x86_64-linux-gnu/libnsl-2.27.so
7f015e7db000-7f015e9da000 ---p 00017000 08:08 394065                     /lib/x86_64-linux-gnu/libnsl-2.27.so
7f015e9da000-7f015e9db000 r--p 00016000 08:08 394065                     /lib/x86_64-linux-gnu/libnsl-2.27.so
7f015e9db000-7f015e9dc000 rw-p 00017000 08:08 394065                     /lib/x86_64-linux-gnu/libnsl-2.27.so
7f015e9dc000-7f015e9de000 rw-p 00000000 00:00 0 
7f015e9de000-7f015e9e9000 r-xp 00000000 08:08 394076                     /lib/x86_64-linux-gnu/libnss_nis-2.27.so
7f015e9e9000-7f015ebe8000 ---p 0000b000 08:08 394076                     /lib/x86_64-linux-gnu/libnss_nis-2.27.so
7f015ebe8000-7f015ebe9000 r--p 0000a000 08:08 394076                     /lib/x86_64-linux-gnu/libnss_nis-2.27.so
7f015ebe9000-7f015ebea000 rw-p 0000b000 08:08 394076                     /lib/x86_64-linux-gnu/libnss_nis-2.27.so
7f015ebea000-7f015ebf2000 r-xp 00000000 08:08 394067                     /lib/x86_64-linux-gnu/libnss_compat-2.27.so
7f015ebf2000-7f015edf2000 ---p 00008000 08:08 394067                     /lib/x86_64-linux-gnu/libnss_compat-2.27.so
7f015edf2000-7f015edf3000 r--p 00008000 08:08 394067                     /lib/x86_64-linux-gnu/libnss_compat-2.27.so
7f015edf3000-7f015edf4000 rw-p 00009000 08:08 394067                     /lib/x86_64-linux-gnu/libnss_compat-2.27.so
7f015edf4000-7f015ee30000 r-xp 00000000 08:08 1315613                    /usr/lib/java/jdk-12.0.2/lib/libjdwp.so
7f015ee30000-7f015f02f000 ---p 0003c000 08:08 1315613                    /usr/lib/java/jdk-12.0.2/lib/libjdwp.so
7f015f02f000-7f015f030000 r--p 0003b000 08:08 1315613                    /usr/lib/java/jdk-12.0.2/lib/libjdwp.so
7f015f030000-7f015f031000 rw-p 0003c000 08:08 1315613                    /usr/lib/java/jdk-12.0.2/lib/libjdwp.so
7f015f031000-7f015f059000 r-xp 00000000 08:08 1315610                    /usr/lib/java/jdk-12.0.2/lib/libjava.so
7f015f059000-7f015f258000 ---p 00028000 08:08 1315610                    /usr/lib/java/jdk-12.0.2/lib/libjava.so
7f015f258000-7f015f259000 r--p 00027000 08:08 1315610                    /usr/lib/java/jdk-12.0.2/lib/libjava.so
7f015f259000-7f015f25b000 rw-p 00028000 08:08 1315610                    /usr/lib/java/jdk-12.0.2/lib/libjava.so
7f015f25b000-7f015f268000 r-xp 00000000 08:08 1315632                    /usr/lib/java/jdk-12.0.2/lib/libverify.so
7f015f268000-7f015f467000 ---p 0000d000 08:08 1315632                    /usr/lib/java/jdk-12.0.2/lib/libverify.so
7f015f467000-7f015f469000 r--p 0000c000 08:08 1315632                    /usr/lib/java/jdk-12.0.2/lib/libverify.so
7f015f469000-7f015f46a000 rw-p 0000e000 08:08 1315632                    /usr/lib/java/jdk-12.0.2/lib/libverify.so
7f015f46a000-7f015f471000 r-xp 00000000 08:08 394086                     /lib/x86_64-linux-gnu/librt-2.27.so
7f015f471000-7f015f670000 ---p 00007000 08:08 394086                     /lib/x86_64-linux-gnu/librt-2.27.so
7f015f670000-7f015f671000 r--p 00006000 08:08 394086                     /lib/x86_64-linux-gnu/librt-2.27.so
7f015f671000-7f015f672000 rw-p 00007000 08:08 394086                     /lib/x86_64-linux-gnu/librt-2.27.so
7f015f672000-7f015f80f000 r-xp 00000000 08:08 394059                     /lib/x86_64-linux-gnu/libm-2.27.so
7f015f80f000-7f015fa0e000 ---p 0019d000 08:08 394059                     /lib/x86_64-linux-gnu/libm-2.27.so
7f015fa0e000-7f015fa0f000 r--p 0019c000 08:08 394059                     /lib/x86_64-linux-gnu/libm-2.27.so
7f015fa0f000-7f015fa10000 rw-p 0019d000 08:08 394059                     /lib/x86_64-linux-gnu/libm-2.27.so
7f015fa10000-7f0160b73000 r-xp 00000000 08:08 1448570                    /usr/lib/java/jdk-12.0.2/lib/server/libjvm.so
7f0160b73000-7f0160d73000 ---p 01163000 08:08 1448570                    /usr/lib/java/jdk-12.0.2/lib/server/libjvm.so
7f0160d73000-7f0160e34000 r--p 01163000 08:08 1448570                    /usr/lib/java/jdk-12.0.2/lib/server/libjvm.so
7f0160e34000-7f0160e6d000 rw-p 01224000 08:08 1448570                    /usr/lib/java/jdk-12.0.2/lib/server/libjvm.so
7f0160e6d000-7f0160ef0000 rw-p 00000000 00:00 0 
7f0160ef0000-7f01610d7000 r-xp 00000000 08:08 394051                     /lib/x86_64-linux-gnu/libc-2.27.so
7f01610d7000-7f01612d7000 ---p 001e7000 08:08 394051                     /lib/x86_64-linux-gnu/libc-2.27.so
7f01612d7000-7f01612db000 r--p 001e7000 08:08 394051                     /lib/x86_64-linux-gnu/libc-2.27.so
7f01612db000-7f01612dd000 rw-p 001eb000 08:08 394051                     /lib/x86_64-linux-gnu/libc-2.27.so
7f01612dd000-7f01612e1000 rw-p 00000000 00:00 0 
7f01612e1000-7f01612e4000 r-xp 00000000 08:08 394057                     /lib/x86_64-linux-gnu/libdl-2.27.so
7f01612e4000-7f01614e3000 ---p 00003000 08:08 394057                     /lib/x86_64-linux-gnu/libdl-2.27.so
7f01614e3000-7f01614e4000 r--p 00002000 08:08 394057                     /lib/x86_64-linux-gnu/libdl-2.27.so
7f01614e4000-7f01614e5000 rw-p 00003000 08:08 394057                     /lib/x86_64-linux-gnu/libdl-2.27.so
7f01614e5000-7f01614ff000 r-xp 00000000 08:08 394082                     /lib/x86_64-linux-gnu/libpthread-2.27.so
7f01614ff000-7f01616fe000 ---p 0001a000 08:08 394082                     /lib/x86_64-linux-gnu/libpthread-2.27.so
7f01616fe000-7f01616ff000 r--p 00019000 08:08 394082                     /lib/x86_64-linux-gnu/libpthread-2.27.so
7f01616ff000-7f0161700000 rw-p 0001a000 08:08 394082                     /lib/x86_64-linux-gnu/libpthread-2.27.so
7f0161700000-7f0161704000 rw-p 00000000 00:00 0 
7f0161704000-7f0161714000 r-xp 00000000 08:08 1315615                    /usr/lib/java/jdk-12.0.2/lib/libjli.so
7f0161714000-7f0161913000 ---p 00010000 08:08 1315615                    /usr/lib/java/jdk-12.0.2/lib/libjli.so
7f0161913000-7f0161914000 r--p 0000f000 08:08 1315615                    /usr/lib/java/jdk-12.0.2/lib/libjli.so
7f0161914000-7f0161915000 rw-p 00010000 08:08 1315615                    /usr/lib/java/jdk-12.0.2/lib/libjli.so
7f0161915000-7f0161931000 r-xp 00000000 08:08 398755                     /lib/x86_64-linux-gnu/libz.so.1.2.11
7f0161931000-7f0161b30000 ---p 0001c000 08:08 398755                     /lib/x86_64-linux-gnu/libz.so.1.2.11
7f0161b30000-7f0161b31000 r--p 0001b000 08:08 398755                     /lib/x86_64-linux-gnu/libz.so.1.2.11
7f0161b31000-7f0161b32000 rw-p 0001c000 08:08 398755                     /lib/x86_64-linux-gnu/libz.so.1.2.11
7f0161b32000-7f0161b59000 r-xp 00000000 08:08 393298                     /lib/x86_64-linux-gnu/ld-2.27.so
7f0161b75000-7f0161b7c000 r--s 00000000 08:08 2787549                    /usr/lib/x86_64-linux-gnu/gconv/gconv-modules.cache
7f0161b7c000-7f0161c39000 rw-p 00000000 00:00 0 
7f0161c39000-7f0161c3d000 ---p 00000000 00:00 0 
7f0161c3d000-7f0161d3e000 rw-p 00000000 00:00 0 
7f0161d40000-7f0161d45000 rw-p 00000000 00:00 0 
7f0161d45000-7f0161d4e000 ---p 00000000 00:00 0 
7f0161d4e000-7f0161d56000 rw-s 00000000 08:08 1317803                    /tmp/hsperfdata_khan/30985
7f0161d56000-7f0161d57000 ---p 00000000 00:00 0 
7f0161d57000-7f0161d58000 r--p 00000000 00:00 0 
7f0161d58000-7f0161d59000 ---p 00000000 00:00 0 
7f0161d59000-7f0161d5a000 r--p 00027000 08:08 393298                     /lib/x86_64-linux-gnu/ld-2.27.so
7f0161d5a000-7f0161d5b000 rw-p 00028000 08:08 393298                     /lib/x86_64-linux-gnu/ld-2.27.so
7f0161d5b000-7f0161d5c000 rw-p 00000000 00:00 0 
7ffc1b078000-7ffc1b09a000 rw-p 00000000 00:00 0                          [stack]
7ffc1b145000-7ffc1b148000 r--p 00000000 00:00 0                          [vvar]
7ffc1b148000-7ffc1b149000 r-xp 00000000 00:00 0                          [vdso]
ffffffffff600000-ffffffffff601000 --xp 00000000 00:00 0                  [vsyscall]


VM Arguments:
jvm_args: -agentlib:jdwp=transport=dt_socket,suspend=y,address=localhost:35763 -Dcom.sun.management.jmxremote -Dcom.sun.management.jmxremote.port=33393 -Dcom.sun.management.jmxremote.authenticate=false -Dcom.sun.management.jmxremote.ssl=false -Djava.rmi.server.hostname=localhost -Dspring.jmx.enabled=true -Dspring.application.admin.enabled=true -Djava.library.path=/home/khan/eclipse-workspace/captcha-reader/src/main/resources/sharedlibrary -Xverify:none -XX:TieredStopAtLevel=1 -Dspring.boot.project.name=captcha-reader -Dfile.encoding=UTF-8 
java_command: com.khan.captchareader.CaptchaReaderApplication
java_class_path (initial): /home/khan/eclipse-workspace/captcha-reader/target/classes:/home/khan/.m2/repository/org/springframework/boot/spring-boot-starter-web/2.3.2.RELEASE/spring-boot-starter-web-2.3.2.RELEASE.jar:/home/khan/.m2/repository/org/springframework/boot/spring-boot-starter/2.3.2.RELEASE/spring-boot-starter-2.3.2.RELEASE.jar:/home/khan/.m2/repository/org/springframework/boot/spring-boot/2.3.2.RELEASE/spring-boot-2.3.2.RELEASE.jar:/home/khan/.m2/repository/org/springframework/boot/spring-boot-autoconfigure/2.3.2.RELEASE/spring-boot-autoconfigure-2.3.2.RELEASE.jar:/home/khan/.m2/repository/org/springframework/boot/spring-boot-starter-logging/2.3.2.RELEASE/spring-boot-starter-logging-2.3.2.RELEASE.jar:/home/khan/.m2/repository/ch/qos/logback/logback-classic/1.2.3/logback-classic-1.2.3.jar:/home/khan/.m2/repository/ch/qos/logback/logback-core/1.2.3/logback-core-1.2.3.jar:/home/khan/.m2/repository/org/apache/logging/log4j/log4j-to-slf4j/2.13.3/log4j-to-slf4j-2.13.3.jar:/home/khan/.m2/repository/org/apache/logging/log4j/log4j-api/2.13.3/log4j-api-2.13.3.jar:/home/khan/.m2/repository/org/slf4j/jul-to-slf4j/1.7.30/jul-to-slf4j-1.7.30.jar:/home/khan/.m2/repository/jakarta/annotation/jakarta.annotation-api/1.3.5/jakarta.annotation-api-1.3.5.jar:/home/khan/.m2/repository/org/yaml/snakeyaml/1.26/snakeyaml-1.26.jar:/home/khan/.m2/repository/org/springframework/boot/spring-boot-starter-json/2.3.2.RELEASE/spring-boot-starter-json-2.3.2.RELEASE.jar:/home/khan/.m2/repository/com/fasterxml/jackson/core/jackson-databind/2.11.1/jackson-databind-2.11.1.jar:/home/khan/.m2/repository/com/fasterxml/jackson/core/jackson-annotations/2.11.1/jackson-annotations-2.11.1.jar:/home/khan/.m2/repository/com/fasterxml/jackson/core/jackson-core/2.11.1/jackson-core-2.11.1.jar:/home/khan/.m2/repository/com/fasterxml/jackson/datatype/jackson-datatype-jdk8/2.11.1/jackson-datatype-jdk8-2.11.1.jar:/home/khan/.m2/repository/com/fasterxml/jackson/datatype/jackson-datatype-jsr310/2.11.1/jackson-
Launcher Type: SUN_STANDARD

[Global flags]
     bool BytecodeVerificationLocal                = false                                     {product} {command line}
     bool BytecodeVerificationRemote               = false                                     {product} {command line}
     intx CICompilerCount                          = 3                                         {product} {ergonomic}
     uint ConcGCThreads                            = 1                                         {product} {ergonomic}
     uint G1ConcRefinementThreads                  = 4                                         {product} {ergonomic}
   size_t G1HeapRegionSize                         = 1048576                                   {product} {ergonomic}
    uintx GCDrainStackTargetSize                   = 64                                        {product} {ergonomic}
   size_t InitialHeapSize                          = 113246208                                 {product} {ergonomic}
     bool ManagementServer                         = true                                      {product} {command line}
   size_t MarkStackSize                            = 4194304                                   {product} {ergonomic}
   size_t MaxHeapSize                              = 1809842176                                {product} {ergonomic}
   size_t MaxNewSize                               = 1085276160                                {product} {ergonomic}
   size_t MinHeapDeltaBytes                        = 1048576                                   {product} {ergonomic}
    uintx NonNMethodCodeHeapSize                   = 6973028                                {pd product} {ergonomic}
    uintx NonProfiledCodeHeapSize                  = 244685212                              {pd product} {ergonomic}
    uintx ProfiledCodeHeapSize                     = 0                                      {pd product} {ergonomic}
    uintx ReservedCodeCacheSize                    = 251658240                              {pd product} {ergonomic}
     bool SegmentedCodeCache                       = true                                      {product} {ergonomic}
     intx TieredStopAtLevel                        = 1                                         {product} {command line}
     bool UseCompressedClassPointers               = true                                 {lp64_product} {ergonomic}
     bool UseCompressedOops                        = true                                 {lp64_product} {ergonomic}
     bool UseG1GC                                  = true                                      {product} {ergonomic}

Logging:
Log output configuration:
 #0: stdout all=warning uptime,level,tags
 #1: stderr all=off uptime,level,tags

Environment Variables:
PATH=/usr/local/sbin:/usr/local/bin:/usr/sbin:/usr/bin:/sbin:/bin:/usr/games:/usr/local/games:/snap/bin
USERNAME=khan
SHELL=/bin/bash
DISPLAY=:0

Signal Handlers:
SIGSEGV: [libjvm.so+0xe44380], sa_mask[0]=11111111011111111101111111111110, sa_flags=SA_RESTART|SA_SIGINFO
SIGBUS: [libjvm.so+0xe44380], sa_mask[0]=11111111011111111101111111111110, sa_flags=SA_RESTART|SA_SIGINFO
SIGFPE: [libjvm.so+0xe44380], sa_mask[0]=11111111011111111101111111111110, sa_flags=SA_RESTART|SA_SIGINFO
SIGPIPE: [libjvm.so+0xbf3e70], sa_mask[0]=11111111011111111101111111111110, sa_flags=SA_RESTART|SA_SIGINFO
SIGXFSZ: [libjvm.so+0xbf3e70], sa_mask[0]=11111111011111111101111111111110, sa_flags=SA_RESTART|SA_SIGINFO
SIGILL: [libjvm.so+0xe44380], sa_mask[0]=11111111011111111101111111111110, sa_flags=SA_RESTART|SA_SIGINFO
SIGUSR2: [libjvm.so+0xbf3d10], sa_mask[0]=00100000000000000000000000000000, sa_flags=SA_RESTART|SA_SIGINFO
SIGHUP: [libjvm.so+0xbf4070], sa_mask[0]=11111111011111111101111111111110, sa_flags=SA_RESTART|SA_SIGINFO
SIGINT: [libjvm.so+0xbf4070], sa_mask[0]=11111111011111111101111111111110, sa_flags=SA_RESTART|SA_SIGINFO
SIGTERM: [libjvm.so+0xbf4070], sa_mask[0]=11111111011111111101111111111110, sa_flags=SA_RESTART|SA_SIGINFO
SIGQUIT: [libjvm.so+0xbf4070], sa_mask[0]=11111111011111111101111111111110, sa_flags=SA_RESTART|SA_SIGINFO


---------------  S Y S T E M  ---------------

OS:DISTRIB_ID=Ubuntu
DISTRIB_RELEASE=18.04
DISTRIB_CODENAME=bionic
DISTRIB_DESCRIPTION="Ubuntu 18.04.3 LTS"
uname:Linux 5.4.0-42-generic #46~18.04.1-Ubuntu SMP Fri Jul 10 07:21:24 UTC 2020 x86_64
libc:glibc 2.27 NPTL 2.27 
rlimit: STACK 8192k, CORE 0k, NPROC 27410, NOFILE 4096, AS infinity, DATA infinity, FSIZE infinity
load average:1,51 2,08 2,97

/proc/meminfo:
MemTotal:        7064808 kB
MemFree:          620480 kB
MemAvailable:    1221764 kB
Buffers:           84284 kB
Cached:          1045624 kB
SwapCached:        89652 kB
Active:          4341444 kB
Inactive:        1159300 kB
Active(anon):    3932100 kB
Inactive(anon):   777952 kB
Active(file):     409344 kB
Inactive(file):   381348 kB
Unevictable:          80 kB
Mlocked:              80 kB
SwapTotal:       9999356 kB
SwapFree:        8479236 kB
Dirty:              9612 kB
Writeback:             0 kB
AnonPages:       4333120 kB
Mapped:           631448 kB
Shmem:            341276 kB
KReclaimable:      61548 kB
Slab:             188296 kB
SReclaimable:      61548 kB
SUnreclaim:       126748 kB
KernelStack:       26752 kB
PageTables:       117376 kB
NFS_Unstable:          0 kB
Bounce:                0 kB
WritebackTmp:          0 kB
CommitLimit:    13531760 kB
Committed_AS:   18892596 kB
VmallocTotal:   34359738367 kB
VmallocUsed:       67088 kB
VmallocChunk:          0 kB
Percpu:             1520 kB
HardwareCorrupted:     0 kB
AnonHugePages:         0 kB
ShmemHugePages:        0 kB
ShmemPmdMapped:        0 kB
FileHugePages:         0 kB
FilePmdMapped:         0 kB
CmaTotal:              0 kB
CmaFree:               0 kB
HugePages_Total:       0
HugePages_Free:        0
HugePages_Rsvd:        0
HugePages_Surp:        0
Hugepagesize:       2048 kB
Hugetlb:               0 kB
DirectMap4k:     5551612 kB
DirectMap2M:     1732608 kB
DirectMap1G:           0 kB


/proc/sys/kernel/threads-max (system-wide limit on the number of threads):
54820


/proc/sys/vm/max_map_count (maximum number of memory map areas a process may have):
65530


/proc/sys/kernel/pid_max (system-wide limit on number of process identifiers):
32768



container (cgroup) information:
container_type: cgroupv1
cpu_cpuset_cpus: 0-3
cpu_memory_nodes: 0
active_processor_count: 4
cpu_quota: -1
cpu_period: 100000
cpu_shares: -1
memory_limit_in_bytes: -1
memory_and_swap_limit_in_bytes: -2
memory_soft_limit_in_bytes: -1
memory_usage_in_bytes: 5596901376
memory_max_usage_in_bytes: 317919232


CPU:total 4 (initial active 4) (4 cores per cpu, 1 threads per core) family 22 model 48 stepping 1, cmov, cx8, fxsr, mmx, sse, sse2, sse3, ssse3, sse4.1, sse4.2, popcnt, avx, aes, clmul, mmxext, 3dnowpref, lzcnt, sse4a, tsc, tscinvbit, tscinv, bmi1
CPU Model and flags from /proc/cpuinfo:
model name	: AMD A8-7410 APU with AMD Radeon R5 Graphics
flags		: fpu vme de pse tsc msr pae mce cx8 apic sep mtrr pge mca cmov pat pse36 clflush mmx fxsr sse sse2 ht syscall nx mmxext fxsr_opt pdpe1gb rdtscp lm constant_tsc rep_good acc_power nopl nonstop_tsc cpuid extd_apicid aperfmperf pni pclmulqdq monitor ssse3 cx16 sse4_1 sse4_2 movbe popcnt aes xsave avx f16c lahf_lm cmp_legacy svm extapic cr8_legacy abm sse4a misalignsse 3dnowprefetch osvw ibs skinit wdt topoext perfctr_nb bpext ptsc perfctr_llc cpb hw_pstate ssbd vmmcall bmi1 xsaveopt arat npt lbrv svm_lock nrip_save tsc_scale flushbyasid decodeassists pausefilter pfthreshold overflow_recov

Memory: 4k page, physical 7064808k(620480k free), swap 9999356k(8479236k free)

vm_info: Java HotSpot(TM) 64-Bit Server VM (12.0.2+10) for linux-amd64 JRE (12.0.2+10), built on Jul 16 2019 00:56:35 by "mach5one" with gcc 7.3.0

END.
